<?xml version="1.0" encoding="UTF-8"?>
<robot generator="Robot 5.0.1 (Python 3.9.13 on win32)" generated="20221013 12:05:08.129" rpa="false" schemaversion="3">
<suite id="s1" name="Tasks" source="c:\Users\Thomas\.git\robotframework\Bhisma\tasks.robot">
<test id="s1-t1" name="Login with" line="12">
<status status="FAIL" starttime="20221013 12:05:09.235" endtime="20221013 12:05:09.236">Test contains no keywords.</status>
</test>
<doc>Template robot main suite.</doc>
<status status="FAIL" starttime="20221013 12:05:08.140" endtime="20221013 12:05:09.237"/>
</suite>
<statistics>
<total>
<stat pass="0" fail="1" skip="0">All Tests</stat>
</total>
<tag>
</tag>
<suite>
<stat pass="0" fail="1" skip="0" id="s1" name="Tasks">Tasks</stat>
</suite>
</statistics>
<errors>
<msg timestamp="20221013 12:05:09.231" level="ERROR">Error in file 'c:\Users\Thomas\.git\robotframework\Bhisma\tasks.robot' on line 9: Importing library 'LoginExchange.LoginExchange' failed: ModuleNotFoundError: No module named 'LoginExchange'
Traceback (most recent call last):
  None
PYTHONPATH:
  c:\Users\Thomas\.git\robotframework\Bhisma
  c:\Users\Thomas\.git\robotframework\Bhisma\library\LoginExchange
  c:\Users\Thomas\.vscode\extensions\robocorp.robotframework-lsp-1.3.0\src\robotframework_debug_adapter
  c:\Users\Thomas\.git\robotframework\Bhisma
  c:\Users\Thomas\.vscode\extensions\robocorp.robotframework-lsp-1.3.0\src
  c:\Users\Thomas\.vscode\extensions\robocorp.robotframework-lsp-1.3.0\src\robotframework_ls\vendored
  c:\ProgramData\robocorp\ht\29813e2_b1f3c24_691db988\python39.zip
  c:\ProgramData\robocorp\ht\29813e2_b1f3c24_691db988\DLLs
  c:\ProgramData\robocorp\ht\29813e2_b1f3c24_691db988\lib
  c:\ProgramData\robocorp\ht\29813e2_b1f3c24_691db988
  c:\ProgramData\robocorp\ht
  c:\ProgramData\robocorp\ht\29813e2_b1f3c24_691db988\lib\site-packages
  c:\ProgramData\robocorp\ht\29813e2_b1f3c24_691db988\lib\site-packages\win32
  c:\ProgramData\robocorp\ht\29813e2_b1f3c24_691db988\lib\site-packages\win32\lib
  c:\ProgramData\robocorp\ht\29813e2_b1f3c24_691db988\lib\site-packages\Pythonwin</msg>
</errors>
</robot>
